<?xml version="1.0" encoding="UTF-8"?>
<testsuite xmlns:xsi="http://www.w3.org/2001/XMLSchema-instance" xsi:noNamespaceSchemaLocation="https://maven.apache.org/surefire/maven-surefire-plugin/xsd/surefire-test-report-3.0.xsd" version="3.0" name="id.baundang.notification.controller.BroadcastControllerTest" time="2.338" tests="2" errors="0" skipped="0" failures="0">
  <properties>
[...]
</properties>
  <testcase name="broadcast_emptyBody_returns200" classname="id.baundang.notification.controller.BroadcastControllerTest" time="0.127">
    <system-out><![CDATA[05:23:23.738 [main] INFO org.springframework.test.context.support.AnnotationConfigContextLoaderUtils -- Could not detect default configuration classes for test class [id.baundang.notification.controller.BroadcastControllerTest]: BroadcastControllerTest does not declare any static, non-private, non-final, nested classes annotated with @Configuration.
05:23:23.863 [main] INFO org.springframework.boot.test.context.SpringBootTestContextBootstrapper -- Found @SpringBootConfiguration id.baundang.notification.NotificationServiceApplication for test class id.baundang.notification.controller.BroadcastControllerTest

  .   ____          _            __ _ _
 /\\ / ___'_ __ _ _(_)_ __  __ _ \ \ \ \
( ( )\___ | '_ | '_| | '_ \/ _` | \ \ \ \
 \\/  ___)| |_)| | | | | || (_| |  ) ) ) )
  '  |____| .__|_| |_|_| |_\__, | / / / /
 =========|_|==============|___/=/_/_/_/

 :: Spring Boot ::                (v3.5.3)

2026-06-23T05:23:24.355Z  INFO 3095 --- [           main] i.b.n.c.BroadcastControllerTest          : Starting BroadcastControllerTest using Java 21.0.10 with PID 3095 (started by root in /home/user/DigitalInvitationStore/notification-service)
2026-06-23T05:23:24.356Z  INFO 3095 --- [           main] i.b.n.c.BroadcastControllerTest          : No active profile set, falling back to 1 default profile: "default"
2026-06-23T05:23:25.782Z  INFO 3095 --- [           main] o.s.b.t.m.w.SpringBootMockServletContext : Initializing Spring TestDispatcherServlet ''
2026-06-23T05:23:25.782Z  INFO 3095 --- [           main] o.s.t.web.servlet.TestDispatcherServlet  : Initializing Servlet ''
2026-06-23T05:23:25.785Z  INFO 3095 --- [           main] o.s.t.web.servlet.TestDispatcherServlet  : Completed initialization in 2 ms
2026-06-23T05:23:25.806Z  INFO 3095 --- [           main] i.b.n.c.BroadcastControllerTest          : Started BroadcastControllerTest in 1.762 seconds (process running for 2.636)
]]></system-out>
    <system-err><![CDATA[Mockito is currently self-attaching to enable the inline-mock-maker. This will no longer work in future releases of the JDK. Please add Mockito as an agent to your build as described in Mockito's documentation: https://javadoc.io/doc/org.mockito/mockito-core/latest/org.mockito/org/mockito/Mockito.html#0.3
WARNING: A Java agent has been loaded dynamically (/root/.m2/repository/net/bytebuddy/byte-buddy-agent/1.17.6/byte-buddy-agent-1.17.6.jar)
WARNING: If a serviceability tool is in use, please run with -XX:+EnableDynamicAgentLoading to hide this warning
WARNING: If a serviceability tool is not in use, please run with -Djdk.instrument.traceUsage for more information
WARNING: Dynamic loading of agents will be disallowed by default in a future release
]]></system-err>
  </testcase>
  <testcase name="broadcast_returns200" classname="id.baundang.notification.controller.BroadcastControllerTest" time="0.017"/>
</testsuite>